<?xml version="1.0" encoding="UTF-8"?>
<testng-results skipped="0" failed="0" total="1" passed="1">
  <reporter-output>
  </reporter-output>
  <suite name="Suite" duration-ms="8671" started-at="2020-07-27T13:30:04Z" finished-at="2020-07-27T13:30:13Z">
    <groups>
    </groups>
    <test name="Test" duration-ms="8671" started-at="2020-07-27T13:30:04Z" finished-at="2020-07-27T13:30:13Z">
      <class name="selenium.Demo">
        <test-method status="PASS" signature="hello()[pri:0, instance:selenium.Demo@7ac7a4e4]" name="hello" duration-ms="8602" started-at="2020-07-27T19:00:04Z" finished-at="2020-07-27T19:00:13Z">
          <reporter-output>
          </reporter-output>
        </test-method> <!-- hello -->
      </class> <!-- selenium.Demo -->
    </test> <!-- Test -->
  </suite> <!-- Suite -->
</testng-results>
